2023-02-18 09:24:27.038  INFO 977648 --- [main] c.m.r.controller.ItemControllerTest      : Starting ItemControllerTest using Java 11.0.17 on U-msujan with PID 977648 (started by msujan in /home/msujan/Documents/repos/restPostgress)
2023-02-18 09:24:27.044 DEBUG 977648 --- [main] c.m.r.controller.ItemControllerTest      : Running with Spring Boot v2.7.5, Spring v5.3.23
2023-02-18 09:24:27.045  INFO 977648 --- [main] c.m.r.controller.ItemControllerTest      : No active profile set, falling back to 1 default profile: "default"
2023-02-18 09:24:27.824  INFO 977648 --- [main] o.s.b.t.m.w.SpringBootMockServletContext : Initializing Spring TestDispatcherServlet ''
2023-02-18 09:24:27.824  INFO 977648 --- [main] o.s.t.web.servlet.TestDispatcherServlet  : Initializing Servlet ''
2023-02-18 09:24:27.825  INFO 977648 --- [main] o.s.t.web.servlet.TestDispatcherServlet  : Completed initialization in 1 ms
2023-02-18 09:24:27.860  INFO 977648 --- [main] c.m.r.controller.ItemControllerTest      : Started ItemControllerTest in 1.207 seconds (JVM running for 1.859)
2023-02-18 09:24:27.974  WARN 977648 --- [main] .w.s.m.s.DefaultHandlerExceptionResolver : Resolved [org.springframework.web.method.annotation.MethodArgumentTypeMismatchException: Failed to convert value of type 'java.lang.String' to required type 'java.lang.Long'; nested exception is java.lang.NumberFormatException: For input string: "abc123"]
2023-02-18 09:24:59.852  INFO 978008 --- [main] c.m.r.controller.ItemControllerTest      : Starting ItemControllerTest using Java 11.0.17 on U-msujan with PID 978008 (started by msujan in /home/msujan/Documents/repos/restPostgress)
2023-02-18 09:24:59.853 DEBUG 978008 --- [main] c.m.r.controller.ItemControllerTest      : Running with Spring Boot v2.7.5, Spring v5.3.23
2023-02-18 09:24:59.853  INFO 978008 --- [main] c.m.r.controller.ItemControllerTest      : No active profile set, falling back to 1 default profile: "default"
2023-02-18 09:25:00.474  INFO 978008 --- [main] o.s.b.t.m.w.SpringBootMockServletContext : Initializing Spring TestDispatcherServlet ''
2023-02-18 09:25:00.474  INFO 978008 --- [main] o.s.t.web.servlet.TestDispatcherServlet  : Initializing Servlet ''
2023-02-18 09:25:00.475  INFO 978008 --- [main] o.s.t.web.servlet.TestDispatcherServlet  : Completed initialization in 1 ms
2023-02-18 09:25:00.500  INFO 978008 --- [main] c.m.r.controller.ItemControllerTest      : Started ItemControllerTest in 0.942 seconds (JVM running for 1.655)
2023-02-18 09:25:00.602  WARN 978008 --- [main] .w.s.m.s.DefaultHandlerExceptionResolver : Resolved [org.springframework.web.method.annotation.MethodArgumentTypeMismatchException: Failed to convert value of type 'java.lang.String' to required type 'java.lang.Long'; nested exception is java.lang.NumberFormatException: For input string: "abc123"]
2023-02-18 09:43:25.701  INFO 991308 --- [main] c.m.r.controller.ItemControllerTest      : Starting ItemControllerTest using Java 11.0.17 on U-msujan with PID 991308 (started by msujan in /home/msujan/Documents/repos/restPostgress)
2023-02-18 09:43:25.702 DEBUG 991308 --- [main] c.m.r.controller.ItemControllerTest      : Running with Spring Boot v2.7.5, Spring v5.3.23
2023-02-18 09:43:25.702  INFO 991308 --- [main] c.m.r.controller.ItemControllerTest      : No active profile set, falling back to 1 default profile: "default"
2023-02-18 09:43:26.291  INFO 991308 --- [main] o.s.b.t.m.w.SpringBootMockServletContext : Initializing Spring TestDispatcherServlet ''
2023-02-18 09:43:26.291  INFO 991308 --- [main] o.s.t.web.servlet.TestDispatcherServlet  : Initializing Servlet ''
2023-02-18 09:43:26.292  INFO 991308 --- [main] o.s.t.web.servlet.TestDispatcherServlet  : Completed initialization in 1 ms
2023-02-18 09:43:26.320  INFO 991308 --- [main] c.m.r.controller.ItemControllerTest      : Started ItemControllerTest in 0.891 seconds (JVM running for 1.639)
2023-02-18 09:43:26.457  INFO 991308 --- [main] c.m.r.controller.ItemController          : InQueryRequest: com.mdsujan.restPostgres.entity.Item@5c6a5192
2023-02-18 09:43:26.459  INFO 991308 --- [main] c.m.r.controller.ItemController          : Response: com.mdsujan.restPostgres.entity.Item@5bcec67e
2023-02-18 09:48:09.934  INFO 993802 --- [main] c.m.r.controller.ItemControllerTest      : Starting ItemControllerTest using Java 11.0.17 on U-msujan with PID 993802 (started by msujan in /home/msujan/Documents/repos/restPostgress)
2023-02-18 09:48:09.935 DEBUG 993802 --- [main] c.m.r.controller.ItemControllerTest      : Running with Spring Boot v2.7.5, Spring v5.3.23
2023-02-18 09:48:09.935  INFO 993802 --- [main] c.m.r.controller.ItemControllerTest      : No active profile set, falling back to 1 default profile: "default"
2023-02-18 09:48:10.667  INFO 993802 --- [main] o.s.b.t.m.w.SpringBootMockServletContext : Initializing Spring TestDispatcherServlet ''
2023-02-18 09:48:10.667  INFO 993802 --- [main] o.s.t.web.servlet.TestDispatcherServlet  : Initializing Servlet ''
2023-02-18 09:48:10.669  INFO 993802 --- [main] o.s.t.web.servlet.TestDispatcherServlet  : Completed initialization in 1 ms
2023-02-18 09:48:10.709  INFO 993802 --- [main] c.m.r.controller.ItemControllerTest      : Started ItemControllerTest in 1.037 seconds (JVM running for 1.65)
2023-02-18 09:48:10.818  WARN 993802 --- [main] .w.s.m.s.DefaultHandlerExceptionResolver : Resolved [org.springframework.web.method.annotation.MethodArgumentTypeMismatchException: Failed to convert value of type 'java.lang.String' to required type 'java.lang.Long'; nested exception is java.lang.NumberFormatException: For input string: "abc123"]
2023-02-18 09:50:00.750  INFO 994899 --- [main] c.m.r.controller.ItemControllerTest      : Starting ItemControllerTest using Java 11.0.17 on U-msujan with PID 994899 (started by msujan in /home/msujan/Documents/repos/restPostgress)
2023-02-18 09:50:00.751 DEBUG 994899 --- [main] c.m.r.controller.ItemControllerTest      : Running with Spring Boot v2.7.5, Spring v5.3.23
2023-02-18 09:50:00.753  INFO 994899 --- [main] c.m.r.controller.ItemControllerTest      : No active profile set, falling back to 1 default profile: "default"
2023-02-18 09:50:01.428  INFO 994899 --- [main] o.s.b.t.m.w.SpringBootMockServletContext : Initializing Spring TestDispatcherServlet ''
2023-02-18 09:50:01.428  INFO 994899 --- [main] o.s.t.web.servlet.TestDispatcherServlet  : Initializing Servlet ''
2023-02-18 09:50:01.429  INFO 994899 --- [main] o.s.t.web.servlet.TestDispatcherServlet  : Completed initialization in 1 ms
2023-02-18 09:50:01.457  INFO 994899 --- [main] c.m.r.controller.ItemControllerTest      : Started ItemControllerTest in 0.977 seconds (JVM running for 1.811)
2023-02-18 09:50:01.608  INFO 994899 --- [main] c.m.r.controller.ItemController          : InQueryRequest: com.mdsujan.restPostgres.entity.Item@415a3f6a
2023-02-18 09:50:01.610  INFO 994899 --- [main] c.m.r.controller.ItemController          : Response: com.mdsujan.restPostgres.entity.Item@4315c28c
2023-02-18 09:50:01.648  INFO 994899 --- [main] c.m.r.controller.ItemController          : Response: com.mdsujan.restPostgres.entity.Item@1f7cec93
2023-02-18 09:50:01.653  WARN 994899 --- [main] o.s.web.servlet.PageNotFound             : No mapping for GET /wrongEndpoint
2023-02-18 09:50:01.665  INFO 994899 --- [main] c.m.r.controller.ItemController          : InQueryRequest: [com.mdsujan.restPostgres.entity.Item@16b3c905]
2023-02-18 09:50:01.665  INFO 994899 --- [main] c.m.r.controller.ItemController          : Response: [com.mdsujan.restPostgres.entity.Item@49fdbe2b]
2023-02-18 09:50:01.684  WARN 994899 --- [main] .w.s.m.s.DefaultHandlerExceptionResolver : Resolved [org.springframework.web.method.annotation.MethodArgumentTypeMismatchException: Failed to convert value of type 'java.lang.String' to required type 'java.lang.Long'; nested exception is java.lang.NumberFormatException: For input string: "abc123"]
2023-02-18 09:50:01.692  INFO 994899 --- [main] c.m.r.controller.ItemController          : CREATE NEW ITEM | InQueryRequest: com.mdsujan.restPostgres.entity.Item@4017fe2c
2023-02-18 09:50:01.694  INFO 994899 --- [main] c.m.r.controller.ItemController          : Response: com.mdsujan.restPostgres.entity.Item@1961d75a
2023-02-18 09:50:01.705  INFO 994899 --- [main] c.m.r.controller.ItemController          : InQueryRequest: com.mdsujan.restPostgres.entity.Item@7fd99443
2023-02-18 09:50:01.706  INFO 994899 --- [main] c.m.r.controller.ItemController          : Response: com.mdsujan.restPostgres.entity.Item@622d7e4
2023-02-18 09:50:01.712  INFO 994899 --- [main] c.m.r.controller.ItemController          : Response: 
2023-02-18 09:50:01.720  WARN 994899 --- [main] .w.s.m.s.DefaultHandlerExceptionResolver : Resolved [org.springframework.web.method.annotation.MethodArgumentTypeMismatchException: Failed to convert value of type 'java.lang.String' to required type 'java.lang.Long'; nested exception is java.lang.NumberFormatException: For input string: "123abc"]
2023-02-18 09:50:01.726  WARN 994899 --- [main] .w.s.m.s.DefaultHandlerExceptionResolver : Resolved [org.springframework.web.method.annotation.MethodArgumentTypeMismatchException: Failed to convert value of type 'java.lang.String' to required type 'java.lang.Long'; nested exception is java.lang.NumberFormatException: For input string: "abc123"]
2023-02-18 10:28:17.067  INFO 1014594 --- [main] c.m.r.controller.ItemControllerTest      : Starting ItemControllerTest using Java 11.0.17 on U-msujan with PID 1014594 (started by msujan in /home/msujan/Documents/repos/restPostgress)
2023-02-18 10:28:17.068 DEBUG 1014594 --- [main] c.m.r.controller.ItemControllerTest      : Running with Spring Boot v2.7.5, Spring v5.3.23
2023-02-18 10:28:17.069  INFO 1014594 --- [main] c.m.r.controller.ItemControllerTest      : No active profile set, falling back to 1 default profile: "default"
2023-02-18 10:28:17.687  INFO 1014594 --- [main] o.s.b.t.m.w.SpringBootMockServletContext : Initializing Spring TestDispatcherServlet ''
2023-02-18 10:28:17.687  INFO 1014594 --- [main] o.s.t.web.servlet.TestDispatcherServlet  : Initializing Servlet ''
2023-02-18 10:28:17.688  INFO 1014594 --- [main] o.s.t.web.servlet.TestDispatcherServlet  : Completed initialization in 1 ms
2023-02-18 10:28:17.719  INFO 1014594 --- [main] c.m.r.controller.ItemControllerTest      : Started ItemControllerTest in 0.991 seconds (JVM running for 1.647)
2023-02-18 10:28:17.825  WARN 1014594 --- [main] .w.s.m.s.DefaultHandlerExceptionResolver : Resolved [org.springframework.web.method.annotation.MethodArgumentTypeMismatchException: Failed to convert value of type 'java.lang.String' to required type 'java.lang.Long'; nested exception is java.lang.NumberFormatException: For input string: "paginated1"]
2023-02-18 10:29:31.972  INFO 1015288 --- [main] c.m.r.controller.ItemControllerTest      : Starting ItemControllerTest using Java 11.0.17 on U-msujan with PID 1015288 (started by msujan in /home/msujan/Documents/repos/restPostgress)
2023-02-18 10:29:31.973 DEBUG 1015288 --- [main] c.m.r.controller.ItemControllerTest      : Running with Spring Boot v2.7.5, Spring v5.3.23
2023-02-18 10:29:31.973  INFO 1015288 --- [main] c.m.r.controller.ItemControllerTest      : No active profile set, falling back to 1 default profile: "default"
2023-02-18 10:29:32.675  INFO 1015288 --- [main] o.s.b.t.m.w.SpringBootMockServletContext : Initializing Spring TestDispatcherServlet ''
2023-02-18 10:29:32.675  INFO 1015288 --- [main] o.s.t.web.servlet.TestDispatcherServlet  : Initializing Servlet ''
2023-02-18 10:29:32.676  INFO 1015288 --- [main] o.s.t.web.servlet.TestDispatcherServlet  : Completed initialization in 1 ms
2023-02-18 10:29:32.714  INFO 1015288 --- [main] c.m.r.controller.ItemControllerTest      : Started ItemControllerTest in 0.994 seconds (JVM running for 2.295)
2023-02-18 10:31:22.550  INFO 1016379 --- [main] c.m.r.controller.ItemControllerTest      : Starting ItemControllerTest using Java 11.0.17 on U-msujan with PID 1016379 (started by msujan in /home/msujan/Documents/repos/restPostgress)
2023-02-18 10:31:22.551 DEBUG 1016379 --- [main] c.m.r.controller.ItemControllerTest      : Running with Spring Boot v2.7.5, Spring v5.3.23
2023-02-18 10:31:22.551  INFO 1016379 --- [main] c.m.r.controller.ItemControllerTest      : No active profile set, falling back to 1 default profile: "default"
2023-02-18 10:31:23.254  INFO 1016379 --- [main] o.s.b.t.m.w.SpringBootMockServletContext : Initializing Spring TestDispatcherServlet ''
2023-02-18 10:31:23.255  INFO 1016379 --- [main] o.s.t.web.servlet.TestDispatcherServlet  : Initializing Servlet ''
2023-02-18 10:31:23.256  INFO 1016379 --- [main] o.s.t.web.servlet.TestDispatcherServlet  : Completed initialization in 1 ms
2023-02-18 10:31:23.292  INFO 1016379 --- [main] c.m.r.controller.ItemControllerTest      : Started ItemControllerTest in 1.037 seconds (JVM running for 1.743)
2023-02-18 10:31:23.422  WARN 1016379 --- [main] .w.s.m.s.DefaultHandlerExceptionResolver : Resolved [org.springframework.web.method.annotation.MethodArgumentTypeMismatchException: Failed to convert value of type 'java.lang.String' to required type 'java.lang.Long'; nested exception is java.lang.NumberFormatException: For input string: "paginated1"]
2023-02-18 10:31:54.224  INFO 1016707 --- [main] c.m.r.controller.ItemControllerTest      : Starting ItemControllerTest using Java 11.0.17 on U-msujan with PID 1016707 (started by msujan in /home/msujan/Documents/repos/restPostgress)
2023-02-18 10:31:54.225 DEBUG 1016707 --- [main] c.m.r.controller.ItemControllerTest      : Running with Spring Boot v2.7.5, Spring v5.3.23
2023-02-18 10:31:54.226  INFO 1016707 --- [main] c.m.r.controller.ItemControllerTest      : No active profile set, falling back to 1 default profile: "default"
2023-02-18 10:31:54.947  INFO 1016707 --- [main] o.s.b.t.m.w.SpringBootMockServletContext : Initializing Spring TestDispatcherServlet ''
2023-02-18 10:31:54.948  INFO 1016707 --- [main] o.s.t.web.servlet.TestDispatcherServlet  : Initializing Servlet ''
2023-02-18 10:31:54.949  INFO 1016707 --- [main] o.s.t.web.servlet.TestDispatcherServlet  : Completed initialization in 1 ms
2023-02-18 10:31:54.975  INFO 1016707 --- [main] c.m.r.controller.ItemControllerTest      : Started ItemControllerTest in 1.059 seconds (JVM running for 1.824)
2023-02-18 10:32:10.623  WARN 1016707 --- [main] .w.s.m.s.DefaultHandlerExceptionResolver : Resolved [org.springframework.web.method.annotation.MethodArgumentTypeMismatchException: Failed to convert value of type 'java.lang.String' to required type 'java.lang.Long'; nested exception is java.lang.NumberFormatException: For input string: "paginated1"]
2023-02-18 10:42:28.339  INFO 1022386 --- [main] c.m.r.controller.ItemControllerTest      : Starting ItemControllerTest using Java 11.0.17 on U-msujan with PID 1022386 (started by msujan in /home/msujan/Documents/repos/restPostgress)
2023-02-18 10:42:28.340 DEBUG 1022386 --- [main] c.m.r.controller.ItemControllerTest      : Running with Spring Boot v2.7.5, Spring v5.3.23
2023-02-18 10:42:28.341  INFO 1022386 --- [main] c.m.r.controller.ItemControllerTest      : No active profile set, falling back to 1 default profile: "default"
2023-02-18 10:42:28.978  INFO 1022386 --- [main] o.s.b.t.m.w.SpringBootMockServletContext : Initializing Spring TestDispatcherServlet ''
2023-02-18 10:42:28.978  INFO 1022386 --- [main] o.s.t.web.servlet.TestDispatcherServlet  : Initializing Servlet ''
2023-02-18 10:42:28.979  INFO 1022386 --- [main] o.s.t.web.servlet.TestDispatcherServlet  : Completed initialization in 1 ms
2023-02-18 10:42:29.012  INFO 1022386 --- [main] c.m.r.controller.ItemControllerTest      : Started ItemControllerTest in 0.937 seconds (JVM running for 1.694)
2023-02-18 10:44:20.756  INFO 1023416 --- [main] c.m.r.controller.ItemControllerTest      : Starting ItemControllerTest using Java 11.0.17 on U-msujan with PID 1023416 (started by msujan in /home/msujan/Documents/repos/restPostgress)
2023-02-18 10:44:20.757 DEBUG 1023416 --- [main] c.m.r.controller.ItemControllerTest      : Running with Spring Boot v2.7.5, Spring v5.3.23
2023-02-18 10:44:20.758  INFO 1023416 --- [main] c.m.r.controller.ItemControllerTest      : No active profile set, falling back to 1 default profile: "default"
2023-02-18 10:44:21.445  INFO 1023416 --- [main] o.s.b.t.m.w.SpringBootMockServletContext : Initializing Spring TestDispatcherServlet ''
2023-02-18 10:44:21.445  INFO 1023416 --- [main] o.s.t.web.servlet.TestDispatcherServlet  : Initializing Servlet ''
2023-02-18 10:44:21.446  INFO 1023416 --- [main] o.s.t.web.servlet.TestDispatcherServlet  : Completed initialization in 1 ms
2023-02-18 10:44:21.475  INFO 1023416 --- [main] c.m.r.controller.ItemControllerTest      : Started ItemControllerTest in 0.998 seconds (JVM running for 1.779)
2023-02-18 10:44:21.551  INFO 1023416 --- [main] c.m.r.controller.ItemController          : Response: com.mdsujan.restPostgres.entity.Item@1c34365c
2023-02-18 10:44:21.587  WARN 1023416 --- [main] o.s.web.servlet.PageNotFound             : No mapping for GET /wrongEndpoint
2023-02-18 10:44:21.668  INFO 1023416 --- [main] c.m.r.controller.ItemController          : InQueryRequest: com.mdsujan.restPostgres.entity.Item@6401188a
2023-02-18 10:44:21.668  INFO 1023416 --- [main] c.m.r.controller.ItemController          : Response: com.mdsujan.restPostgres.entity.Item@33a8c9c9
2023-02-18 10:44:21.675  INFO 1023416 --- [main] c.m.r.controller.ItemController          : InQueryRequest: [com.mdsujan.restPostgres.entity.Item@7c5df615]
2023-02-18 10:44:21.675  INFO 1023416 --- [main] c.m.r.controller.ItemController          : Response: [com.mdsujan.restPostgres.entity.Item@2f995afc]
2023-02-18 10:44:21.691  WARN 1023416 --- [main] .w.s.m.s.DefaultHandlerExceptionResolver : Resolved [org.springframework.web.method.annotation.MethodArgumentTypeMismatchException: Failed to convert value of type 'java.lang.String' to required type 'java.lang.Long'; nested exception is java.lang.NumberFormatException: For input string: "abc123"]
2023-02-18 10:44:21.697  INFO 1023416 --- [main] c.m.r.controller.ItemController          : CREATE NEW ITEM | InQueryRequest: com.mdsujan.restPostgres.entity.Item@37e0056e
2023-02-18 10:44:21.698  INFO 1023416 --- [main] c.m.r.controller.ItemController          : Response: com.mdsujan.restPostgres.entity.Item@415795f3
2023-02-18 10:44:21.710  INFO 1023416 --- [main] c.m.r.controller.ItemController          : InQueryRequest: com.mdsujan.restPostgres.entity.Item@1c046c92
2023-02-18 10:44:21.710  INFO 1023416 --- [main] c.m.r.controller.ItemController          : Response: com.mdsujan.restPostgres.entity.Item@27960b1e
2023-02-18 10:44:21.716  INFO 1023416 --- [main] c.m.r.controller.ItemController          : Response: 
2023-02-18 10:44:21.724  WARN 1023416 --- [main] .w.s.m.s.DefaultHandlerExceptionResolver : Resolved [org.springframework.web.method.annotation.MethodArgumentTypeMismatchException: Failed to convert value of type 'java.lang.String' to required type 'java.lang.Long'; nested exception is java.lang.NumberFormatException: For input string: "123abc"]
2023-02-18 10:44:21.731  WARN 1023416 --- [main] .w.s.m.s.DefaultHandlerExceptionResolver : Resolved [org.springframework.web.method.annotation.MethodArgumentTypeMismatchException: Failed to convert value of type 'java.lang.String' to required type 'java.lang.Long'; nested exception is java.lang.NumberFormatException: For input string: "abc123"]
